#
# There is insufficient memory for the Java Runtime Environment to continue.
# Native memory allocation (mmap) failed to map 132120576 bytes. Error detail: G1 virtual space
# Possible reasons:
#   The system is out of physical RAM or swap space
#   This process is running with CompressedOops enabled, and the Java Heap may be blocking the growth of the native heap
# Possible solutions:
#   Reduce memory load on the system
#   Increase physical memory or swap space
#   Check if swap backing store is full
#   Decrease Java heap size (-Xmx/-Xms)
#   Decrease number of Java threads
#   Decrease Java thread stack sizes (-Xss)
#   Set larger code cache with -XX:ReservedCodeCacheSize=
#   JVM is running with Unscaled Compressed Oops mode in which the Java heap is
#     placed in the first 4GB address space. The Java Heap base address is the
#     maximum limit for the native heap growth. Please use -XX:HeapBaseMinAddress
#     to set the Java Heap base and to place the Java Heap above 4GB virtual address.
# This output file may be truncated or incomplete.
#
#  Out of Memory Error (os_windows.cpp:3828), pid=20816, tid=22536
#
# JRE version:  (21.0.5) (build )
# Java VM: OpenJDK 64-Bit Server VM (21.0.5+-12932927-b750.29, mixed mode, sharing, tiered, compressed oops, compressed class ptrs, g1 gc, windows-amd64)
# No core dump will be written. Minidumps are not enabled by default on client versions of Windows
#

---------------  S U M M A R Y ------------

Command Line: org.jetbrains.kotlin.cli.jvm.K2JVMCompiler @D:\order_pad\build\shared_preferences_android\20251208_10124246531335167651.compiler.options

Host: Intel(R) Core(TM) i5-9300H CPU @ 2.40GHz, 8 cores, 7G,  Windows 10 , 64 bit Build 19041 (10.0.19041.928)
Time: Mon Dec  8 06:19:58 2025 Egypt Standard Time elapsed time: 0.045159 seconds (0d 0h 0m 0s)

---------------  T H R E A D  ---------------

Current thread (0x0000022569737510):  JavaThread "Unknown thread" [_thread_in_vm, id=22536, stack(0x0000005b88c00000,0x0000005b88d00000) (1024K)]

Stack: [0x0000005b88c00000,0x0000005b88d00000]
Native frames: (J=compiled Java code, j=interpreted, Vv=VM code, C=native code)
V  [jvm.dll+0x6cfb29]
V  [jvm.dll+0x85ded3]
V  [jvm.dll+0x86042e]
V  [jvm.dll+0x860b13]
V  [jvm.dll+0x27e6b6]
V  [jvm.dll+0x6cc385]
V  [jvm.dll+0x6c078a]
V  [jvm.dll+0x35525b]
V  [jvm.dll+0x35ceb6]
V  [jvm.dll+0x3aedd6]
V  [jvm.dll+0x3af0a8]
V  [jvm.dll+0x32792c]
V  [jvm.dll+0x32861b]
V  [jvm.dll+0x825919]
V  [jvm.dll+0x3bbfa8]
V  [jvm.dll+0x80ec88]
V  [jvm.dll+0x45015e]
V  [jvm.dll+0x4518c1]
C  [jli.dll+0x52ab]
C  [ucrtbase.dll+0x21bb2]
C  [KERNEL32.DLL+0x17034]
C  [ntdll.dll+0x52651]


---------------  P R O C E S S  ---------------

Threads class SMR info:
_java_thread_list=0x00007ffc32890808, length=0, elements={
}

Java Threads: ( => current thread )
Total: 0

Other Threads:
  0x000002256978d710 WorkerThread "GC Thread#0"                     [id=18380, stack(0x0000005b88d00000,0x0000005b88e00000) (1024K)]
  0x000002256979eb30 ConcurrentGCThread "G1 Main Marker"            [id=7804, stack(0x0000005b88e00000,0x0000005b88f00000) (1024K)]
  0x000002256979f630 WorkerThread "G1 Conc#0"                       [id=19016, stack(0x0000005b88f00000,0x0000005b89000000) (1024K)]

[error occurred during error reporting (printing all threads), id 0xc0000005, EXCEPTION_ACCESS_VIOLATION (0xc0000005) at pc=0x00007ffc3208a967]
VM state: not at safepoint (not fully initialized)

VM Mutex/Monitor currently owned by a thread:  ([mutex/lock_event])
[0x00007ffc328fd460] Heap_lock - owner thread: 0x0000022569737510

Heap address: 0x0000000082a00000, size: 2006 MB, Compressed Oops mode: 32-bit

CDS archive(s) mapped at: [0x0000000000000000-0x0000000000000000-0x0000000000000000), size 0, SharedBaseAddress: 0x0000000800000000, ArchiveRelocationMode: 1.
Narrow klass base: 0x0000000000000000, Narrow klass shift: 0, Narrow klass range: 0x0

GC Precious Log:
 CardTable entry size: 512
 Card Set container configuration: InlinePtr #cards 5 size 8 Array Of Cards #cards 12 size 40 Howl #buckets 4 coarsen threshold 1843 Howl Bitmap #cards 512 size 80 coarsen threshold 460 Card regions per heap region 1 cards per card region 2048

Heap:
 garbage-first heap   total 0K, used 0K [0x0000000082a00000, 0x0000000100000000)
  region size 1024K, 0 young (0K), 0 survivors (0K)
 Metaspace       used 0K, committed 0K, reserved 0K
  class space    used 0K, committed 0K, reserved 0K

Heap Regions: E=young(eden), S=young(survivor), O=old, HS=humongous(starts), HC=humongous(continues), CS=collection set, F=free, TAMS=top-at-mark-start, PB=parsable bottom

Card table byte_map: [0x000002257bfd0000,0x000002257c3c0000] _byte_map_base: 0x000002257bbbb000

Marking Bits: (CMBitMap*) 0x000002256978e620
 Bits: [0x000002257c3c0000, 0x000002257e318000)

GC Heap History (0 events):
No events

Dll operation events (1 events):
Event: 0.027 Loaded shared library C:\Program Files\Android\Android Studio\jbr\bin\java.dll

Deoptimization events (0 events):
No events

Classes loaded (0 events):
No events

Classes unloaded (0 events):
No events

Classes redefined (0 events):
No events

Internal exceptions (0 events):
No events

ZGC Phase Switch (0 events):
No events

VM Operations (0 events):
No events

Memory protections (0 events):
No events

Nmethod flushes (0 events):
No events

Events (0 events):
No events


Dynamic libraries:
0x00007ff6da090000 - 0x00007ff6da09a000 	C:\Program Files\Android\Android Studio\jbr\bin\java.exe
0x00007ffd0d790000 - 0x00007ffd0d985000 	C:\Windows\SYSTEM32\ntdll.dll
0x00007ffd0d340000 - 0x00007ffd0d3fd000 	C:\Windows\System32\KERNEL32.DLL
0x00007ffd0b360000 - 0x00007ffd0b628000 	C:\Windows\System32\KERNELBASE.dll
0x00007ffd0b150000 - 0x00007ffd0b250000 	C:\Windows\System32\ucrtbase.dll
0x00007ffcf5950000 - 0x00007ffcf596b000 	C:\Program Files\Android\Android Studio\jbr\bin\VCRUNTIME140.dll
0x00007ffcbcc50000 - 0x00007ffcbcc68000 	C:\Program Files\Android\Android Studio\jbr\bin\jli.dll
0x00007ffd0d540000 - 0x00007ffd0d6e0000 	C:\Windows\System32\USER32.dll
0x00007ffd0b6c0000 - 0x00007ffd0b6e2000 	C:\Windows\System32\win32u.dll
0x00007ffd0d1e0000 - 0x00007ffd0d20a000 	C:\Windows\System32\GDI32.dll
0x00007ffd0b250000 - 0x00007ffd0b35b000 	C:\Windows\System32\gdi32full.dll
0x00007ffd0af50000 - 0x00007ffd0afed000 	C:\Windows\System32\msvcp_win.dll
0x00007ffcf4150000 - 0x00007ffcf43ea000 	C:\Windows\WinSxS\amd64_microsoft.windows.common-controls_6595b64144ccf1df_6.0.19041.844_none_ca00b6081b84eb1d\COMCTL32.dll
0x00007ffd0cfe0000 - 0x00007ffd0d07e000 	C:\Windows\System32\msvcrt.dll
0x00007ffd0bdb0000 - 0x00007ffd0bde0000 	C:\Windows\System32\IMM32.DLL
0x00007ffd00780000 - 0x00007ffd0078c000 	C:\Program Files\Android\Android Studio\jbr\bin\vcruntime140_1.dll
0x00007ffc1d0a0000 - 0x00007ffc1d12d000 	C:\Program Files\Android\Android Studio\jbr\bin\msvcp140.dll
0x00007ffc31d50000 - 0x00007ffc329da000 	C:\Program Files\Android\Android Studio\jbr\bin\server\jvm.dll
0x00007ffd0d080000 - 0x00007ffd0d12c000 	C:\Windows\System32\ADVAPI32.dll
0x00007ffd0b8a0000 - 0x00007ffd0b93b000 	C:\Windows\System32\sechost.dll
0x00007ffd0c630000 - 0x00007ffd0c75b000 	C:\Windows\System32\RPCRT4.dll
0x00007ffd0d6e0000 - 0x00007ffd0d74b000 	C:\Windows\System32\WS2_32.dll
0x00007ffd05270000 - 0x00007ffd05297000 	C:\Windows\SYSTEM32\WINMM.dll
0x00007ffd01f20000 - 0x00007ffd01f2a000 	C:\Windows\SYSTEM32\VERSION.dll
0x00007ffd0a4c0000 - 0x00007ffd0a50b000 	C:\Windows\SYSTEM32\POWRPROF.dll
0x00007ffd0a330000 - 0x00007ffd0a342000 	C:\Windows\SYSTEM32\UMPDC.dll
0x00007ffd09790000 - 0x00007ffd097a2000 	C:\Windows\SYSTEM32\kernel.appcore.dll
0x00007ffcffe10000 - 0x00007ffcffe1a000 	C:\Program Files\Android\Android Studio\jbr\bin\jimage.dll
0x00007ffd08d10000 - 0x00007ffd08ef4000 	C:\Windows\SYSTEM32\DBGHELP.DLL
0x00007ffd05240000 - 0x00007ffd0526c000 	C:\Windows\SYSTEM32\dbgcore.DLL
0x00007ffd0aed0000 - 0x00007ffd0af50000 	C:\Windows\System32\bcryptPrimitives.dll
0x00007ffcf5460000 - 0x00007ffcf5480000 	C:\Program Files\Android\Android Studio\jbr\bin\java.dll

dbghelp: loaded successfully - version: 4.0.5 - missing functions: none
symbol engine: initialized successfully - sym options: 0x614 - pdb path: .;C:\Program Files\Android\Android Studio\jbr\bin;C:\Windows\SYSTEM32;C:\Windows\WinSxS\amd64_microsoft.windows.common-controls_6595b64144ccf1df_6.0.19041.844_none_ca00b6081b84eb1d;C:\Program Files\Android\Android Studio\jbr\bin\server

VM Arguments:
java_command: org.jetbrains.kotlin.cli.jvm.K2JVMCompiler @D:\order_pad\build\shared_preferences_android\20251208_10124246531335167651.compiler.options
java_class_path (initial): C:\Users\MR\.gradle\caches\modules-2\files-2.1\org.jetbrains.kotlin\kotlin-compiler-embeddable\2.1.0\988bf980588bbbcfa1ba19c1ffd7aa869b335a31\kotlin-compiler-embeddable-2.1.0.jar;C:\Users\MR\.gradle\caches\modules-2\files-2.1\org.jetbrains.kotlin\kotlin-stdlib\2.1.0\85f8b81009cda5890e54ba67d64b5e599c645020\kotlin-stdlib-2.1.0.jar;C:\Users\MR\.gradle\caches\modules-2\files-2.1\org.jetbrains.kotlin\kotlin-script-runtime\2.1.0\5909da8c57b75a117714ab0e348c86101b7a3284\kotlin-script-runtime-2.1.0.jar;C:\Users\MR\.gradle\caches\modules-2\files-2.1\org.jetbrains.kotlin\kotlin-reflect\1.6.10\1cbe9c92c12a94eea200d23c2bbaedaf3daf5132\kotlin-reflect-1.6.10.jar;C:\Users\MR\.gradle\caches\modules-2\files-2.1\org.jetbrains.kotlin\kotlin-daemon-embeddable\2.1.0\420bae1908e4a353f5b56c3c850d24d86367b25d\kotlin-daemon-embeddable-2.1.0.jar;C:\Users\MR\.gradle\caches\modules-2\files-2.1\org.jetbrains.intellij.deps\trove4j\1.0.20200330\3afb14d5f9ceb459d724e907a21145e8ff394f02\trove4j-1.0.20200330.jar;C:\Users\MR\.gradle\caches\modules-2\files-2.1\org.jetbrains.kotlinx\kotlinx-coroutines-core-jvm\1.6.4\2c997cd1c0ef33f3e751d3831929aeff1390cb30\kotlinx-coroutines-core-jvm-1.6.4.jar;C:\Users\MR\.gradle\caches\modules-2\files-2.1\org.jetbrains\annotations\13.0\919f0dfe192fb4e063e7dacadee7f8bb9a2672a9\annotations-13.0.jar
Launcher Type: SUN_STANDARD

[Global flags]
     intx CICompilerCount                          = 4                                         {product} {ergonomic}
     uint ConcGCThreads                            = 2                                         {product} {ergonomic}
     uint G1ConcRefinementThreads                  = 8                                         {product} {ergonomic}
   size_t G1HeapRegionSize                         = 1048576                                   {product} {ergonomic}
    uintx GCDrainStackTargetSize                   = 64                                        {product} {ergonomic}
   size_t InitialHeapSize                          = 132120576                                 {product} {ergonomic}
   size_t MarkStackSize                            = 4194304                                   {product} {ergonomic}
   size_t MaxHeapSize                              = 2103443456                                {product} {ergonomic}
   size_t MinHeapDeltaBytes                        = 1048576                                   {product} {ergonomic}
   size_t MinHeapSize                              = 8388608                                   {product} {ergonomic}
    uintx NonNMethodCodeHeapSize                   = 5839372                                {pd product} {ergonomic}
    uintx NonProfiledCodeHeapSize                  = 122909434                              {pd product} {ergonomic}
    uintx ProfiledCodeHeapSize                     = 122909434                              {pd product} {ergonomic}
    uintx ReservedCodeCacheSize                    = 251658240                              {pd product} {ergonomic}
     bool SegmentedCodeCache                       = true                                      {product} {ergonomic}
   size_t SoftMaxHeapSize                          = 2103443456                             {manageable} {ergonomic}
     bool UseCompressedOops                        = true                           {product lp64_product} {ergonomic}
     bool UseG1GC                                  = true                                      {product} {ergonomic}
     bool UseLargePagesIndividualAllocation        = false                                  {pd product} {ergonomic}

Logging:
Log output configuration:
 #0: stdout all=warning uptime,level,tags foldmultilines=false
 #1: stderr all=off uptime,level,tags foldmultilines=false

Environment Variables:
JAVA_HOME=C:\Program Files\Android\Android Studio\jbr
CLASSPATH=D:\order_pad\android\\gradle\wrapper\gradle-wrapper.jar
PATH=C:\Program Files\Android\Android Studio\jbr\bin;C:\ProgramData\Oracle\Java\javapath;C:\Program Files\Common Files\Oracle\Java\javapath;C:\Windows\system32;C:\Windows;C:\Windows\System32\Wbem;C:\Windows\System32\WindowsPowerShell\v1.0\;C:\Windows\System32\OpenSSH\;C:\Program Files (x86)\NVIDIA Corporation\PhysX\Common;C:\Program Files\dotnet\;C:\Program Files\NVIDIA Corporation\NVIDIA app\NvDLISR;C:\Users\MR\AppData\Local\Microsoft\WindowsApps;C:\Program Files\JetBrains\PyCharm Community Edition 2022.3.3\bin;C:\Users\MR\AppData\Local\Programs\Microsoft VS Code\bin;C:\dart-sdk\bin;C:\Program Files\Android\Android Studio\bin;C:\xampp\php;C:\Users\MR\AppData\Local\Android\Sdk;C:\flutter\bin\cache\dart-sdk\bin;C:\flutter\bin;C:\Program Files\JetBrains\IntelliJ IDEA Community Edition 2025.1.3\bin;C:\Users\MR\AppData\Local\Programs\cursor\resources\app\bin;C:\Program Files\Git\cmd;C:\Users\MR\.local\bin;;;;;C:\Users\MR\AppData\Local\Programs\Antigravity\bin;;;;C:\Program Files\Amazon Corretto\jdk21.0.3_3;C:\Users\MR\AppData\Local\Microsoft\WindowsApps;C:\Program Files\JetBrains\PyCharm Community Edition 2022.3.3\bin;;C:\Users\MR\AppData\Local\Programs\Microsoft VS Code\bin;C:\flutter\bin;C:\Program Files\Android\Android Studio\bin;C:\xampp\php;C:\Users\MR\AppData\Local\Android\Sdk;C:\Program Files\JetBrains\IntelliJ IDEA Community Edition 2025.1.3\bin;;C:\flutter\bin\cache\dart-sdk\bin;C:\dart-sdk\bin;C:\Users\MR\AppData\Local\Programs\cursor\resources\app\bin;C:\Users\MR\.local\bin;C:\Users\MR\AppData\Local\Programs\Antigravity\bin;C:\flutter\bin\mingit\cmd
USERNAME=MR
OS=Windows_NT
PROCESSOR_IDENTIFIER=Intel64 Family 6 Model 158 Stepping 10, GenuineIntel
TMP=C:\Users\MR\AppData\Local\Temp
TEMP=C:\Users\MR\AppData\Local\Temp




Periodic native trim disabled

JNI global refs:
JNI global refs: 0, weak refs: 0

JNI global refs memory usage: 0, weak refs: 0

Process memory usage:
Resident Set Size: 11004K (0% of 8212656K total physical memory with 114680K free physical memory)

OOME stack traces (most recent first):
Classloader memory used:

---------------  S Y S T E M  ---------------

OS:
 Windows 10 , 64 bit Build 19041 (10.0.19041.928)
OS uptime: 2 days 3:52 hours

CPU: total 8 (initial active 8) (4 cores per cpu, 2 threads per core) family 6 model 158 stepping 10 microcode 0xd6, cx8, cmov, fxsr, ht, mmx, 3dnowpref, sse, sse2, sse3, ssse3, sse4.1, sse4.2, popcnt, lzcnt, tsc, tscinvbit, avx, avx2, aes, erms, clmul, bmi1, bmi2, adx, fma, vzeroupper, clflush, clflushopt, rdtscp, f16c
Processor Information for all 8 processors :
  Max Mhz: 2400, Current Mhz: 2400, Mhz Limit: 2400

Memory: 4k page, system-wide physical 8020M (112M free)
TotalPageFile size 32596M (AvailPageFile size 33M)
current process WorkingSet (physical memory assigned to process): 10M, peak: 10M
current process commit charge ("private bytes"): 60M, peak: 186M

vm_info: OpenJDK 64-Bit Server VM (21.0.5+-12932927-b750.29) for windows-amd64 JRE (21.0.5+-12932927-b750.29), built on 2025-01-17T02:01:10Z by "builder" with MS VC++ 16.10 / 16.11 (VS2019)

END.
